<?xml version="1.0" encoding="UTF-8"?>
<testsuite name="StrategyTest" tests="1" skipped="0" failures="0" errors="0" timestamp="2021-04-25T07:02:29" hostname="MacBook-Pro-4.local" time="0.005">
  <properties/>
  <testcase name="duckTest" classname="StrategyTest" time="0.005"/>
  <system-out><![CDATA[훨훨 날아갑니덩~~
꽑꽑!!
[오리가 사고가 나서 날 수가 없게 됨 ㅠㅠ]
날 수 없졍 ㅠㅠ
꽑꽑!!
[합병증이 도져서 말도 할 수 없게 됨 ㅠㅠ]
날 수 없졍 ㅠㅠ
...-....
]]></system-out>
  <system-err><![CDATA[]]></system-err>
</testsuite>
